<?xml version="1.0" encoding="UTF-8"?>
<!-- Generated by org.testng.reporters.JUnitXMLReporter -->
<testsuite ignored="0" hostname="PUN-PRAMOD" failures="0" tests="2" name="Default test" time="0.127" errors="0" timestamp="2021-11-02T19:37:47 IST">
  <testcase classname="BaseOrange.BaseClass" name="@BeforeTest beforetest" time="-1.635862067028E9">
    <failure type="org.testng.TestNGException" message="
Parameter &amp;apos;browser&amp;apos; is required by BeforeTest on method beforetest but has not been marked @Optional or defined
in C:\Users\PRAMOD\AppData\Local\Temp\testng-eclipse-1639065775\testng-customsuite.xml">
      <![CDATA[org.testng.TestNGException: 
Parameter 'browser' is required by BeforeTest on method beforetest but has not been marked @Optional or defined
in C:\Users\PRAMOD\AppData\Local\Temp\testng-eclipse-1639065775\testng-customsuite.xml
at org.testng.internal.Parameters.createParams(Parameters.java:270)
at org.testng.internal.Parameters.createParametersForMethod(Parameters.java:358)
at org.testng.internal.Parameters.createParameters(Parameters.java:700)
at org.testng.internal.Parameters.createConfigurationParameters(Parameters.java:168)
at org.testng.internal.ConfigInvoker.invokeConfigurations(ConfigInvoker.java:302)
at org.testng.TestRunner.invokeTestConfigurations(TestRunner.java:637)
at org.testng.TestRunner.beforeRun(TestRunner.java:627)
at org.testng.TestRunner.run(TestRunner.java:589)
at org.testng.SuiteRunner.runTest(SuiteRunner.java:377)
at org.testng.SuiteRunner.runSequentially(SuiteRunner.java:371)
at org.testng.SuiteRunner.privateRun(SuiteRunner.java:332)
at org.testng.SuiteRunner.run(SuiteRunner.java:276)
at org.testng.SuiteRunnerWorker.runSuite(SuiteRunnerWorker.java:53)
at org.testng.SuiteRunnerWorker.run(SuiteRunnerWorker.java:96)
at org.testng.TestNG.runSuitesSequentially(TestNG.java:1212)
at org.testng.TestNG.runSuitesLocally(TestNG.java:1134)
at org.testng.TestNG.runSuites(TestNG.java:1063)
at org.testng.TestNG.run(TestNG.java:1031)
at org.testng.remote.AbstractRemoteTestNG.run(AbstractRemoteTestNG.java:115)
at org.testng.remote.RemoteTestNG.initAndRun(RemoteTestNG.java:251)
at org.testng.remote.RemoteTestNG.main(RemoteTestNG.java:77)
]]>
    </failure>
  </testcase> <!-- @BeforeTest beforetest -->
  <testcase classname="TestOrange.TestOrangeClass" name="@BeforeClass beforetest" time="-1.635862067087E9">
    <skipped/>
  </testcase> <!-- @BeforeClass beforetest -->
  <testcase classname="TestOrange.TestOrangeClass" name="@BeforeMethod beforemethod" time="-1.635862067112E9">
    <skipped/>
  </testcase> <!-- @BeforeMethod beforemethod -->
  <testcase classname="TestOrange.TestOrangeClass" name="@AfterMethod aftermethod" time="-1.635862067123E9">
    <skipped/>
  </testcase> <!-- @AfterMethod aftermethod -->
  <testcase classname="TestOrange.TestOrangeClass" name="@BeforeMethod beforemethod" time="-1.635862067127E9">
    <skipped/>
  </testcase> <!-- @BeforeMethod beforemethod -->
  <testcase classname="TestOrange.TestOrangeClass" name="@AfterMethod aftermethod" time="-1.635862067135E9">
    <skipped/>
  </testcase> <!-- @AfterMethod aftermethod -->
  <testcase classname="TestOrange.TestOrangeClass" name="@AfterClass afterclass" time="-1.635862067138E9">
    <skipped/>
  </testcase> <!-- @AfterClass afterclass -->
  <testcase classname="BaseOrange.BaseClass" name="@AfterTest aftertest" time="-1.635862067142E9">
    <skipped/>
  </testcase> <!-- @AfterTest aftertest -->
  <testcase classname="TestOrange.TestOrangeClass" name="test1" time="0.0">
    <skipped/>
  </testcase> <!-- test1 -->
  <testcase classname="TestOrange.TestOrangeClass" name="test2" time="0.0">
    <skipped/>
  </testcase> <!-- test2 -->
</testsuite> <!-- Default test -->
